40
0251677085866837460317708637021446063144
8812262220360202463050064531874436437682
5251855367278508848642345043775871434078
0042675865438283025822603307175060748288
5672321632434878440388701468545837465571
3448326728143606881852187616524878044060
8876415778774852362710315274652021065556
1406474838287088561242126854006826771778
7827443331184330371521043472218803550383
6318874838447276075161123302780187880165
0884752758538865306583258450386821283658
1260362124615176735303563717773657467333
2580363145201308707655341168610513145546
4142635386876777348215436708254351251288
5301330463217260626047132625527161775404
8620446353006857360714856156584322276288
0813375760405334773480860674772272733638
6715558007108501053612008324501255710425
8840634327383685827335506853781648727036
8827728873376824454871536655067801443735
0664640563836487481174816586572628815173
7186752536147276768154002317573417465332
4438770023402783205544064640821537621225
4162442401558771474140203865162080237721
5008757506737224070577338578644664641338
2155803687408638660278862273674652462840
2118148017744113203720114756276821067158
4838003412436782114402742024145245437315
5161343527676283186170466281455700086618
7723886261287175705152273086317588317188
6653360024271146551000054710768617586846
0050014847531086708661266564560614115164
3351156208161708784441387827072734346251
0457546342466313073230326436563643506534
3837451141488371231210888733717540046582
3334248265835234158638343058444640886465
0173240266426385002380821305357684721128
0437020214873361352055818843664073456138
3858604586068245520287541000014334760058
5840781588142205318614583635575571714673
